2025-02-03 02:24:53,496 - INFO - Processing folder data/smalltest
2025-02-03 02:24:53,561 - INFO - Processing WAV 'data/smalltest/sinHyp.wav' with sample rate: 44100
2025-02-03 02:24:54,041 - DEBUG - File: data/smalltest/sinHyp.wav
2025-02-03 02:24:54,041 - DEBUG - Embedding dimension (window size): 5
2025-02-03 02:24:54,041 - DEBUG - Total possible patterns (m!): 120
2025-02-03 02:24:54,041 - DEBUG - H_raw: 3.348904543798848, H_max: 6.906890595608519, Normalized Entropy: 0.4848642811756886
2025-02-03 02:24:54,041 - DEBUG - JS raw: 0.7583888534209073, Q_max: 0.9651850823449846, Normalized JS Divergence: 0.7857444828906273
2025-02-03 02:24:54,041 - DEBUG - Complexity: 0.3809794338845271
2025-02-03 02:24:54,041 - DEBUG - --------------------------------------------------
2025-02-03 02:24:54,043 - INFO - Processing WAV 'data/smalltest/440wave.wav' with sample rate: 44100
2025-02-03 02:24:54,189 - DEBUG - File: data/smalltest/440wave.wav
2025-02-03 02:24:54,189 - DEBUG - Embedding dimension (window size): 5
2025-02-03 02:24:54,189 - DEBUG - Total possible patterns (m!): 120
2025-02-03 02:24:54,189 - DEBUG - H_raw: 1.4817188833158763, H_max: 6.906890595608519, Normalized Entropy: 0.2145276319068917
2025-02-03 02:24:54,189 - DEBUG - JS raw: 0.863061955906022, Q_max: 0.9651850823449846, Normalized JS Divergence: 0.8941932192001483
2025-02-03 02:24:54,189 - DEBUG - Complexity: 0.19182915378220794
2025-02-03 02:24:54,189 - DEBUG - --------------------------------------------------
2025-02-03 02:24:55,235 - INFO - Processing MP3 'data/smalltest/Miksu - Macloud- makko-Nachts wach-kissvk.com.mp3' with sample rate: 44100
2025-02-03 02:25:01,214 - DEBUG - File: data/smalltest/Miksu - Macloud- makko-Nachts wach-kissvk.com.mp3
2025-02-03 02:25:01,214 - DEBUG - Embedding dimension (window size): 5
2025-02-03 02:25:01,214 - DEBUG - Total possible patterns (m!): 120
2025-02-03 02:25:01,214 - DEBUG - H_raw: 4.424453206420491, H_max: 6.906890595608519, Normalized Entropy: 0.6405853900789467
2025-02-03 02:25:01,214 - DEBUG - JS raw: 0.45560233733286815, Q_max: 0.9651850823449846, Normalized JS Divergence: 0.4720362401643739
2025-02-03 02:25:01,214 - DEBUG - Complexity: 0.3023795190370948
2025-02-03 02:25:01,214 - DEBUG - --------------------------------------------------
2025-02-03 02:25:01,391 - INFO - Processing MP3 'data/smalltest/Survive Said The Prophet-MUKANJYO-kissvk.com.mp3' with sample rate: 44100
2025-02-03 02:25:07,611 - DEBUG - File: data/smalltest/Survive Said The Prophet-MUKANJYO-kissvk.com.mp3
2025-02-03 02:25:07,611 - DEBUG - Embedding dimension (window size): 5
2025-02-03 02:25:07,611 - DEBUG - Total possible patterns (m!): 120
2025-02-03 02:25:07,611 - DEBUG - H_raw: 4.552168583022663, H_max: 6.906890595608519, Normalized Entropy: 0.659076399142182
2025-02-03 02:25:07,611 - DEBUG - JS raw: 0.44432995132754805, Q_max: 0.9651850823449846, Normalized JS Divergence: 0.46035725111707837
2025-02-03 02:25:07,611 - DEBUG - Complexity: 0.30341059938523723
2025-02-03 02:25:07,611 - DEBUG - --------------------------------------------------
2025-02-03 02:25:07,915 - INFO - Processing MP3 'data/smalltest/WhiteNoise_64kb.mp3' with sample rate: 22050
2025-02-03 02:25:17,906 - DEBUG - File: data/smalltest/WhiteNoise_64kb.mp3
2025-02-03 02:25:17,906 - DEBUG - Embedding dimension (window size): 5
2025-02-03 02:25:17,906 - DEBUG - Total possible patterns (m!): 120
2025-02-03 02:25:17,906 - DEBUG - H_raw: 6.874516118381004, H_max: 6.906890595608519, Normalized Entropy: 0.9953127276624161
2025-02-03 02:25:17,906 - DEBUG - JS raw: 0.008349702238488632, Q_max: 0.9651850823449846, Normalized JS Divergence: 0.00865088198234731
2025-02-03 02:25:17,906 - DEBUG - Complexity: 0.008610332942535751
2025-02-03 02:25:17,906 - DEBUG - --------------------------------------------------
2025-02-03 02:25:18,066 - INFO - Processing MP3 'data/smalltest/femtanyl-KATAMARI-kissvk.com.mp3' with sample rate: 44100
